app/build/intermediates/manifest_merge_blame_file/debug/manifest-merger-blame-debug-report.txt
1<?xml version="1.0" encoding="utf-8"?>
2<manifest xmlns:android="http://schemas.android.com/apk/res/android"
3    package="com.example.myapplication"
4    android:versionCode="1"
5    android:versionName="1.0" >
6
7    <uses-sdk
8        android:minSdkVersion="21"
8-->src/main/AndroidManifest.xml
9        android:targetSdkVersion="33" />
9-->src/main/AndroidManifest.xml
10
11    <permission
11-->[androidx.core:core:1.9.0] AndroidManifest.xml:22:5-24:47
12        android:name="com.example.myapplication.DYNAMIC_RECEIVER_NOT_EXPORTED_PERMISSION"
12-->[androidx.core:core:1.9.0] AndroidManifest.xml:23:9-81
13        android:protectionLevel="signature" />
13-->[androidx.core:core:1.9.0] AndroidManifest.xml:24:9-44
14
15    <uses-permission android:name="com.example.myapplication.DYNAMIC_RECEIVER_NOT_EXPORTED_PERMISSION" />
15-->[androidx.core:core:1.9.0] AndroidManifest.xml:26:5-97
15-->[androidx.core:core:1.9.0] AndroidManifest.xml:26:22-94
16
17    <application
17-->src/main/AndroidManifest.xml:6:5-68:19
18        android:allowBackup="true"
18-->src/main/AndroidManifest.xml:7:9-35
19        android:appComponentFactory="androidx.core.app.CoreComponentFactory"
19-->[androidx.core:core:1.9.0] AndroidManifest.xml:28:18-86
20        android:dataExtractionRules="@xml/data_extraction_rules"
20-->src/main/AndroidManifest.xml:8:9-65
21        android:debuggable="true"
22        android:fullBackupContent="@xml/backup_rules"
22-->src/main/AndroidManifest.xml:9:9-54
23        android:icon="@mipmap/ic_launcher"
23-->src/main/AndroidManifest.xml:10:9-43
24        android:label="@string/app_name"
24-->src/main/AndroidManifest.xml:11:9-41
25        android:roundIcon="@mipmap/ic_launcher_round"
25-->src/main/AndroidManifest.xml:12:9-54
26        android:supportsRtl="true"
26-->src/main/AndroidManifest.xml:13:9-35
27        android:testOnly="true"
28        android:theme="@style/Theme.MyApplication" >
28-->src/main/AndroidManifest.xml:14:9-51
29        <activity
29-->src/main/AndroidManifest.xml:16:9-18:40
30            android:name="com.example.myapplication.ProfileActivity"
30-->src/main/AndroidManifest.xml:17:13-44
31            android:exported="false" />
31-->src/main/AndroidManifest.xml:18:13-37
32        <activity
32-->src/main/AndroidManifest.xml:19:9-21:40
33            android:name="com.example.myapplication.search_plant_Activity"
33-->src/main/AndroidManifest.xml:20:13-50
34            android:exported="false" />
34-->src/main/AndroidManifest.xml:21:13-37
35        <activity
35-->src/main/AndroidManifest.xml:22:9-24:40
36            android:name="com.example.myapplication.WeatherActivity"
36-->src/main/AndroidManifest.xml:23:13-44
37            android:exported="false" />
37-->src/main/AndroidManifest.xml:24:13-37
38        <activity
38-->src/main/AndroidManifest.xml:25:9-27:40
39            android:name="com.example.myapplication.Signup2"
39-->src/main/AndroidManifest.xml:26:13-36
40            android:exported="false" />
40-->src/main/AndroidManifest.xml:27:13-37
41        <activity
41-->src/main/AndroidManifest.xml:28:9-30:40
42            android:name="com.example.myapplication.Signup"
42-->src/main/AndroidManifest.xml:29:13-35
43            android:exported="false" />
43-->src/main/AndroidManifest.xml:30:13-37
44        <activity
44-->src/main/AndroidManifest.xml:31:9-33:40
45            android:name="com.example.myapplication.MyplantsFragment"
45-->src/main/AndroidManifest.xml:32:13-45
46            android:exported="false" />
46-->src/main/AndroidManifest.xml:33:13-37
47        <activity
47-->src/main/AndroidManifest.xml:34:9-36:40
48            android:name="com.example.myapplication.MonmentsFragment"
48-->src/main/AndroidManifest.xml:35:13-45
49            android:exported="false" />
49-->src/main/AndroidManifest.xml:36:13-37
50        <activity
50-->src/main/AndroidManifest.xml:37:9-39:40
51            android:name="com.example.myapplication.ProfileFragment"
51-->src/main/AndroidManifest.xml:38:13-44
52            android:exported="false" />
52-->src/main/AndroidManifest.xml:39:13-37
53        <activity
53-->src/main/AndroidManifest.xml:40:9-42:40
54            android:name="com.example.myapplication.MapFragment"
54-->src/main/AndroidManifest.xml:41:13-40
55            android:exported="false" />
55-->src/main/AndroidManifest.xml:42:13-37
56        <activity
56-->src/main/AndroidManifest.xml:43:9-45:40
57            android:name="com.example.myapplication.ForumFragment"
57-->src/main/AndroidManifest.xml:44:13-42
58            android:exported="false" />
58-->src/main/AndroidManifest.xml:45:13-37
59        <activity
59-->src/main/AndroidManifest.xml:46:9-48:40
60            android:name="com.example.myapplication.HomeFragment"
60-->src/main/AndroidManifest.xml:47:13-41
61            android:exported="false" />
61-->src/main/AndroidManifest.xml:48:13-37
62        <activity
62-->src/main/AndroidManifest.xml:49:9-51:40
63            android:name="com.example.myapplication.AssignmentActivity"
63-->src/main/AndroidManifest.xml:50:13-47
64            android:exported="false" />
64-->src/main/AndroidManifest.xml:51:13-37
65        <activity
65-->src/main/AndroidManifest.xml:52:9-54:40
66            android:name="com.example.myapplication.LoginActivity"
66-->src/main/AndroidManifest.xml:53:13-42
67            android:exported="false" />
67-->src/main/AndroidManifest.xml:54:13-37
68        <activity
68-->src/main/AndroidManifest.xml:55:9-63:20
69            android:name="com.example.myapplication.MainActivity"
69-->src/main/AndroidManifest.xml:56:13-41
70            android:exported="true" >
70-->src/main/AndroidManifest.xml:57:13-36
71            <intent-filter>
71-->src/main/AndroidManifest.xml:58:13-62:29
72                <action android:name="android.intent.action.MAIN" />
72-->src/main/AndroidManifest.xml:59:17-69
72-->src/main/AndroidManifest.xml:59:25-66
73
74                <category android:name="android.intent.category.LAUNCHER" />
74-->src/main/AndroidManifest.xml:61:17-77
74-->src/main/AndroidManifest.xml:61:27-74
75            </intent-filter>
76        </activity>
77
78        <meta-data
78-->src/main/AndroidManifest.xml:65:9-67:57
79            android:name="preloaded_fonts"
79-->src/main/AndroidManifest.xml:66:13-43
80            android:resource="@array/preloaded_fonts" />
80-->src/main/AndroidManifest.xml:67:13-54
81
82        <provider
82-->[com.squareup.picasso:picasso:2.71828] AndroidManifest.xml:8:9-11:40
83            android:name="com.squareup.picasso.PicassoProvider"
83-->[com.squareup.picasso:picasso:2.71828] AndroidManifest.xml:9:13-64
84            android:authorities="com.example.myapplication.com.squareup.picasso"
84-->[com.squareup.picasso:picasso:2.71828] AndroidManifest.xml:10:13-72
85            android:exported="false" />
85-->[com.squareup.picasso:picasso:2.71828] AndroidManifest.xml:11:13-37
86
87        <activity
87-->[com.google.android.gms:play-services-base:18.1.0] AndroidManifest.xml:20:9-22:45
88            android:name="com.google.android.gms.common.api.GoogleApiActivity"
88-->[com.google.android.gms:play-services-base:18.1.0] AndroidManifest.xml:20:19-85
89            android:exported="false"
89-->[com.google.android.gms:play-services-base:18.1.0] AndroidManifest.xml:22:19-43
90            android:theme="@android:style/Theme.Translucent.NoTitleBar" />
90-->[com.google.android.gms:play-services-base:18.1.0] AndroidManifest.xml:21:19-78
91
92        <meta-data
92-->[com.google.android.gms:play-services-basement:18.1.0] AndroidManifest.xml:21:9-23:69
93            android:name="com.google.android.gms.version"
93-->[com.google.android.gms:play-services-basement:18.1.0] AndroidManifest.xml:22:13-58
94            android:value="@integer/google_play_services_version" />
94-->[com.google.android.gms:play-services-basement:18.1.0] AndroidManifest.xml:23:13-66
95
96        <provider
96-->[androidx.emoji2:emoji2:1.2.0] AndroidManifest.xml:24:9-32:20
97            android:name="androidx.startup.InitializationProvider"
97-->[androidx.emoji2:emoji2:1.2.0] AndroidManifest.xml:25:13-67
98            android:authorities="com.example.myapplication.androidx-startup"
98-->[androidx.emoji2:emoji2:1.2.0] AndroidManifest.xml:26:13-68
99            android:exported="false" >
99-->[androidx.emoji2:emoji2:1.2.0] AndroidManifest.xml:27:13-37
100            <meta-data
100-->[androidx.emoji2:emoji2:1.2.0] AndroidManifest.xml:29:13-31:52
101                android:name="androidx.emoji2.text.EmojiCompatInitializer"
101-->[androidx.emoji2:emoji2:1.2.0] AndroidManifest.xml:30:17-75
102                android:value="androidx.startup" />
102-->[androidx.emoji2:emoji2:1.2.0] AndroidManifest.xml:31:17-49
103            <meta-data
103-->[androidx.lifecycle:lifecycle-process:2.4.1] AndroidManifest.xml:31:13-33:52
104                android:name="androidx.lifecycle.ProcessLifecycleInitializer"
104-->[androidx.lifecycle:lifecycle-process:2.4.1] AndroidManifest.xml:32:17-78
105                android:value="androidx.startup" />
105-->[androidx.lifecycle:lifecycle-process:2.4.1] AndroidManifest.xml:33:17-49
106        </provider>
107
108        <uses-library
108-->[androidx.window:window:1.0.0] AndroidManifest.xml:25:9-27:40
109            android:name="androidx.window.extensions"
109-->[androidx.window:window:1.0.0] AndroidManifest.xml:26:13-54
110            android:required="false" />
110-->[androidx.window:window:1.0.0] AndroidManifest.xml:27:13-37
111        <uses-library
111-->[androidx.window:window:1.0.0] AndroidManifest.xml:28:9-30:40
112            android:name="androidx.window.sidecar"
112-->[androidx.window:window:1.0.0] AndroidManifest.xml:29:13-51
113            android:required="false" />
113-->[androidx.window:window:1.0.0] AndroidManifest.xml:30:13-37
114    </application>
115
116</manifest>